Line 130: Class ZEUS.chameleonButton of control cmdFiltro was not a loaded control class.
Line 170: Class ZEUS.chameleonButton of control cmdFiltro was not a loaded control class.
Line 137: The property name _ExtentX in cmdFiltro is invalid.
Line 138: The property name _ExtentY in cmdFiltro is invalid.
Line 139: The property name BTYPE in cmdFiltro is invalid.
Line 140: The property name TX in cmdFiltro is invalid.
Line 141: The property name ENAB in cmdFiltro is invalid.
Line 151: The property name COLTYPE in cmdFiltro is invalid.
Line 152: The property name FOCUSR in cmdFiltro is invalid.
Line 153: The property name BCOL in cmdFiltro is invalid.
Line 154: The property name BCOLO in cmdFiltro is invalid.
Line 155: The property name FCOL in cmdFiltro is invalid.
Line 156: The property name FCOLO in cmdFiltro is invalid.
Line 157: The property name MCOL in cmdFiltro is invalid.
Line 158: The property name MPTR in cmdFiltro is invalid.
Line 159: The property name MICON in cmdFiltro is invalid.
Line 160: The property name PICN in cmdFiltro is invalid.
Line 161: The property name UMCOL in cmdFiltro is invalid.
Line 162: The property name SOFT in cmdFiltro is invalid.
Line 163: The property name PICPOS in cmdFiltro is invalid.
Line 164: The property name NGREY in cmdFiltro is invalid.
Line 165: The property name FX in cmdFiltro is invalid.
Line 166: The property name HAND in cmdFiltro is invalid.
Line 167: The property name CHECK in cmdFiltro is invalid.
Line 168: The property name VALUE in cmdFiltro is invalid.
Line 177: The property name _ExtentX in cmdFiltro is invalid.
Line 178: The property name _ExtentY in cmdFiltro is invalid.
Line 179: The property name BTYPE in cmdFiltro is invalid.
Line 180: The property name TX in cmdFiltro is invalid.
Line 181: The property name ENAB in cmdFiltro is invalid.
Line 191: The property name COLTYPE in cmdFiltro is invalid.
Line 192: The property name FOCUSR in cmdFiltro is invalid.
Line 193: The property name BCOL in cmdFiltro is invalid.
Line 194: The property name BCOLO in cmdFiltro is invalid.
Line 195: The property name FCOL in cmdFiltro is invalid.
Line 196: The property name FCOLO in cmdFiltro is invalid.
Line 197: The property name MCOL in cmdFiltro is invalid.
Line 198: The property name MPTR in cmdFiltro is invalid.
Line 199: The property name MICON in cmdFiltro is invalid.
Line 200: The property name PICN in cmdFiltro is invalid.
Line 201: The property name UMCOL in cmdFiltro is invalid.
Line 202: The property name SOFT in cmdFiltro is invalid.
Line 203: The property name PICPOS in cmdFiltro is invalid.
Line 204: The property name NGREY in cmdFiltro is invalid.
Line 205: The property name FX in cmdFiltro is invalid.
Line 206: The property name HAND in cmdFiltro is invalid.
Line 207: The property name CHECK in cmdFiltro is invalid.
Line 208: The property name VALUE in cmdFiltro is invalid.
