Line 17: Class SGCH.chameleonButton of control cmdFiltro was not a loaded control class.
Line 219: Class SGCH.chameleonButton of control cmdFiltro was not a loaded control class.
Line 26: The property name _ExtentX in cmdFiltro is invalid.
Line 27: The property name _ExtentY in cmdFiltro is invalid.
Line 28: The property name BTYPE in cmdFiltro is invalid.
Line 29: The property name TX in cmdFiltro is invalid.
Line 30: The property name ENAB in cmdFiltro is invalid.
Line 40: The property name COLTYPE in cmdFiltro is invalid.
Line 41: The property name FOCUSR in cmdFiltro is invalid.
Line 42: The property name BCOL in cmdFiltro is invalid.
Line 43: The property name BCOLO in cmdFiltro is invalid.
Line 44: The property name FCOL in cmdFiltro is invalid.
Line 45: The property name FCOLO in cmdFiltro is invalid.
Line 46: The property name MCOL in cmdFiltro is invalid.
Line 47: The property name MPTR in cmdFiltro is invalid.
Line 48: The property name MICON in cmdFiltro is invalid.
Line 49: The property name PICN in cmdFiltro is invalid.
Line 50: The property name UMCOL in cmdFiltro is invalid.
Line 51: The property name SOFT in cmdFiltro is invalid.
Line 52: The property name PICPOS in cmdFiltro is invalid.
Line 53: The property name NGREY in cmdFiltro is invalid.
Line 54: The property name FX in cmdFiltro is invalid.
Line 55: The property name HAND in cmdFiltro is invalid.
Line 56: The property name CHECK in cmdFiltro is invalid.
Line 57: The property name VALUE in cmdFiltro is invalid.
Line 228: The property name _ExtentX in cmdFiltro is invalid.
Line 229: The property name _ExtentY in cmdFiltro is invalid.
Line 230: The property name BTYPE in cmdFiltro is invalid.
Line 231: The property name TX in cmdFiltro is invalid.
Line 232: The property name ENAB in cmdFiltro is invalid.
Line 242: The property name COLTYPE in cmdFiltro is invalid.
Line 243: The property name FOCUSR in cmdFiltro is invalid.
Line 244: The property name BCOL in cmdFiltro is invalid.
Line 245: The property name BCOLO in cmdFiltro is invalid.
Line 246: The property name FCOL in cmdFiltro is invalid.
Line 247: The property name FCOLO in cmdFiltro is invalid.
Line 248: The property name MCOL in cmdFiltro is invalid.
Line 249: The property name MPTR in cmdFiltro is invalid.
Line 250: The property name MICON in cmdFiltro is invalid.
Line 251: The property name PICN in cmdFiltro is invalid.
Line 252: The property name UMCOL in cmdFiltro is invalid.
Line 253: The property name SOFT in cmdFiltro is invalid.
Line 254: The property name PICPOS in cmdFiltro is invalid.
Line 255: The property name NGREY in cmdFiltro is invalid.
Line 256: The property name FX in cmdFiltro is invalid.
Line 257: The property name HAND in cmdFiltro is invalid.
Line 258: The property name CHECK in cmdFiltro is invalid.
Line 259: The property name VALUE in cmdFiltro is invalid.
