Line 41: Class SAF.chameleonButton of control chameleonButton4 was not a loaded control class.
Line 80: Class SAF.chameleonButton of control chameleonButton2 was not a loaded control class.
Line 119: Class SAF.chameleonButton of control chameleonButton1 was not a loaded control class.
Line 176: Class SAF.chameleonButton of control chameleonButton3 was not a loaded control class.
Line 302: Class SAF.chameleonButton of control cmdSenha was not a loaded control class.
Line 341: Class SAF.chameleonButton of control cmdSenha was not a loaded control class.
Line 484: Class SAF.chameleonButton of control cmdRegistrarAgora was not a loaded control class.
Line 47: The property name _ExtentX in chameleonButton4 is invalid.
Line 48: The property name _ExtentY in chameleonButton4 is invalid.
Line 49: The property name BTYPE in chameleonButton4 is invalid.
Line 50: The property name TX in chameleonButton4 is invalid.
Line 51: The property name ENAB in chameleonButton4 is invalid.
Line 61: The property name COLTYPE in chameleonButton4 is invalid.
Line 62: The property name FOCUSR in chameleonButton4 is invalid.
Line 63: The property name BCOL in chameleonButton4 is invalid.
Line 64: The property name BCOLO in chameleonButton4 is invalid.
Line 65: The property name FCOL in chameleonButton4 is invalid.
Line 66: The property name FCOLO in chameleonButton4 is invalid.
Line 67: The property name MCOL in chameleonButton4 is invalid.
Line 68: The property name MPTR in chameleonButton4 is invalid.
Line 69: The property name MICON in chameleonButton4 is invalid.
Line 70: The property name PICN in chameleonButton4 is invalid.
Line 71: The property name UMCOL in chameleonButton4 is invalid.
Line 72: The property name SOFT in chameleonButton4 is invalid.
Line 73: The property name PICPOS in chameleonButton4 is invalid.
Line 74: The property name NGREY in chameleonButton4 is invalid.
Line 75: The property name FX in chameleonButton4 is invalid.
Line 76: The property name HAND in chameleonButton4 is invalid.
Line 77: The property name CHECK in chameleonButton4 is invalid.
Line 78: The property name VALUE in chameleonButton4 is invalid.
Line 86: The property name _ExtentX in chameleonButton2 is invalid.
Line 87: The property name _ExtentY in chameleonButton2 is invalid.
Line 88: The property name BTYPE in chameleonButton2 is invalid.
Line 89: The property name TX in chameleonButton2 is invalid.
Line 90: The property name ENAB in chameleonButton2 is invalid.
Line 100: The property name COLTYPE in chameleonButton2 is invalid.
Line 101: The property name FOCUSR in chameleonButton2 is invalid.
Line 102: The property name BCOL in chameleonButton2 is invalid.
Line 103: The property name BCOLO in chameleonButton2 is invalid.
Line 104: The property name FCOL in chameleonButton2 is invalid.
Line 105: The property name FCOLO in chameleonButton2 is invalid.
Line 106: The property name MCOL in chameleonButton2 is invalid.
Line 107: The property name MPTR in chameleonButton2 is invalid.
Line 108: The property name MICON in chameleonButton2 is invalid.
Line 109: The property name PICN in chameleonButton2 is invalid.
Line 110: The property name UMCOL in chameleonButton2 is invalid.
Line 111: The property name SOFT in chameleonButton2 is invalid.
Line 112: The property name PICPOS in chameleonButton2 is invalid.
Line 113: The property name NGREY in chameleonButton2 is invalid.
Line 114: The property name FX in chameleonButton2 is invalid.
Line 115: The property name HAND in chameleonButton2 is invalid.
Line 116: The property name CHECK in chameleonButton2 is invalid.
Line 117: The property name VALUE in chameleonButton2 is invalid.
Line 125: The property name _ExtentX in chameleonButton1 is invalid.
Line 126: The property name _ExtentY in chameleonButton1 is invalid.
Line 127: The property name BTYPE in chameleonButton1 is invalid.
Line 128: The property name TX in chameleonButton1 is invalid.
Line 129: The property name ENAB in chameleonButton1 is invalid.
Line 139: The property name COLTYPE in chameleonButton1 is invalid.
Line 140: The property name FOCUSR in chameleonButton1 is invalid.
Line 141: The property name BCOL in chameleonButton1 is invalid.
Line 142: The property name BCOLO in chameleonButton1 is invalid.
Line 143: The property name FCOL in chameleonButton1 is invalid.
Line 144: The property name FCOLO in chameleonButton1 is invalid.
Line 145: The property name MCOL in chameleonButton1 is invalid.
Line 146: The property name MPTR in chameleonButton1 is invalid.
Line 147: The property name MICON in chameleonButton1 is invalid.
Line 148: The property name PICN in chameleonButton1 is invalid.
Line 149: The property name UMCOL in chameleonButton1 is invalid.
Line 150: The property name SOFT in chameleonButton1 is invalid.
Line 151: The property name PICPOS in chameleonButton1 is invalid.
Line 152: The property name NGREY in chameleonButton1 is invalid.
Line 153: The property name FX in chameleonButton1 is invalid.
Line 154: The property name HAND in chameleonButton1 is invalid.
Line 155: The property name CHECK in chameleonButton1 is invalid.
Line 156: The property name VALUE in chameleonButton1 is invalid.
Line 182: The property name _ExtentX in chameleonButton3 is invalid.
Line 183: The property name _ExtentY in chameleonButton3 is invalid.
Line 184: The property name BTYPE in chameleonButton3 is invalid.
Line 185: The property name TX in chameleonButton3 is invalid.
Line 186: The property name ENAB in chameleonButton3 is invalid.
Line 196: The property name COLTYPE in chameleonButton3 is invalid.
Line 197: The property name FOCUSR in chameleonButton3 is invalid.
Line 198: The property name BCOL in chameleonButton3 is invalid.
Line 199: The property name BCOLO in chameleonButton3 is invalid.
Line 200: The property name FCOL in chameleonButton3 is invalid.
Line 201: The property name FCOLO in chameleonButton3 is invalid.
Line 202: The property name MCOL in chameleonButton3 is invalid.
Line 203: The property name MPTR in chameleonButton3 is invalid.
Line 204: The property name MICON in chameleonButton3 is invalid.
Line 205: The property name PICN in chameleonButton3 is invalid.
Line 206: The property name UMCOL in chameleonButton3 is invalid.
Line 207: The property name SOFT in chameleonButton3 is invalid.
Line 208: The property name PICPOS in chameleonButton3 is invalid.
Line 209: The property name NGREY in chameleonButton3 is invalid.
Line 210: The property name FX in chameleonButton3 is invalid.
Line 211: The property name HAND in chameleonButton3 is invalid.
Line 212: The property name CHECK in chameleonButton3 is invalid.
Line 213: The property name VALUE in chameleonButton3 is invalid.
Line 309: The property name _ExtentX in cmdSenha is invalid.
Line 310: The property name _ExtentY in cmdSenha is invalid.
Line 311: The property name BTYPE in cmdSenha is invalid.
Line 312: The property name TX in cmdSenha is invalid.
Line 313: The property name ENAB in cmdSenha is invalid.
Line 323: The property name COLTYPE in cmdSenha is invalid.
Line 324: The property name FOCUSR in cmdSenha is invalid.
Line 325: The property name BCOL in cmdSenha is invalid.
Line 326: The property name BCOLO in cmdSenha is invalid.
Line 327: The property name FCOL in cmdSenha is invalid.
Line 328: The property name FCOLO in cmdSenha is invalid.
Line 329: The property name MCOL in cmdSenha is invalid.
Line 330: The property name MPTR in cmdSenha is invalid.
Line 331: The property name MICON in cmdSenha is invalid.
Line 332: The property name UMCOL in cmdSenha is invalid.
Line 333: The property name SOFT in cmdSenha is invalid.
Line 334: The property name PICPOS in cmdSenha is invalid.
Line 335: The property name NGREY in cmdSenha is invalid.
Line 336: The property name FX in cmdSenha is invalid.
Line 337: The property name HAND in cmdSenha is invalid.
Line 338: The property name CHECK in cmdSenha is invalid.
Line 339: The property name VALUE in cmdSenha is invalid.
Line 348: The property name _ExtentX in cmdSenha is invalid.
Line 349: The property name _ExtentY in cmdSenha is invalid.
Line 350: The property name BTYPE in cmdSenha is invalid.
Line 351: The property name TX in cmdSenha is invalid.
Line 352: The property name ENAB in cmdSenha is invalid.
Line 362: The property name COLTYPE in cmdSenha is invalid.
Line 363: The property name FOCUSR in cmdSenha is invalid.
Line 364: The property name BCOL in cmdSenha is invalid.
Line 365: The property name BCOLO in cmdSenha is invalid.
Line 366: The property name FCOL in cmdSenha is invalid.
Line 367: The property name FCOLO in cmdSenha is invalid.
Line 368: The property name MCOL in cmdSenha is invalid.
Line 369: The property name MPTR in cmdSenha is invalid.
Line 370: The property name MICON in cmdSenha is invalid.
Line 371: The property name UMCOL in cmdSenha is invalid.
Line 372: The property name SOFT in cmdSenha is invalid.
Line 373: The property name PICPOS in cmdSenha is invalid.
Line 374: The property name NGREY in cmdSenha is invalid.
Line 375: The property name FX in cmdSenha is invalid.
Line 376: The property name HAND in cmdSenha is invalid.
Line 377: The property name CHECK in cmdSenha is invalid.
Line 378: The property name VALUE in cmdSenha is invalid.
Line 491: The property name _ExtentX in cmdRegistrarAgora is invalid.
Line 492: The property name _ExtentY in cmdRegistrarAgora is invalid.
Line 493: The property name BTYPE in cmdRegistrarAgora is invalid.
Line 494: The property name TX in cmdRegistrarAgora is invalid.
Line 495: The property name ENAB in cmdRegistrarAgora is invalid.
Line 505: The property name COLTYPE in cmdRegistrarAgora is invalid.
Line 506: The property name FOCUSR in cmdRegistrarAgora is invalid.
Line 507: The property name BCOL in cmdRegistrarAgora is invalid.
Line 508: The property name BCOLO in cmdRegistrarAgora is invalid.
Line 509: The property name FCOL in cmdRegistrarAgora is invalid.
Line 510: The property name FCOLO in cmdRegistrarAgora is invalid.
Line 511: The property name MCOL in cmdRegistrarAgora is invalid.
Line 512: The property name MPTR in cmdRegistrarAgora is invalid.
Line 513: The property name MICON in cmdRegistrarAgora is invalid.
Line 514: The property name UMCOL in cmdRegistrarAgora is invalid.
Line 515: The property name SOFT in cmdRegistrarAgora is invalid.
Line 516: The property name PICPOS in cmdRegistrarAgora is invalid.
Line 517: The property name NGREY in cmdRegistrarAgora is invalid.
Line 518: The property name FX in cmdRegistrarAgora is invalid.
Line 519: The property name HAND in cmdRegistrarAgora is invalid.
Line 520: The property name CHECK in cmdRegistrarAgora is invalid.
Line 521: The property name VALUE in cmdRegistrarAgora is invalid.
